<?xml version="1.0" encoding="UTF-8"?>
<robot generator="Robot 3.2.2 (Python 3.6.7 on win32)" generated="20210729 21:14:28.146" rpa="false">
<suite id="s1" name="Testproject" source="C:\robotframework\testproject.robot">
<test id="s1-t1" name="My First Test Case">
<kw name="Should Be Equal" library="BuiltIn">
<doc>Fails if the given objects are unequal.</doc>
<arguments>
<arg>${number}</arg>
<arg>10</arg>
</arguments>
<status status="PASS" starttime="20210729 21:14:28.177" endtime="20210729 21:14:28.177"></status>
</kw>
<status status="PASS" starttime="20210729 21:14:28.161" endtime="20210729 21:14:28.177" critical="yes"></status>
</test>
<test id="s1-t2" name="Second Test Case">
<kw name="Should Not Be Equal" library="BuiltIn">
<doc>Fails if the given objects are equal.</doc>
<arguments>
<arg>${number}</arg>
<arg>11</arg>
</arguments>
<status status="PASS" starttime="20210729 21:14:28.177" endtime="20210729 21:14:28.177"></status>
</kw>
<status status="PASS" starttime="20210729 21:14:28.177" endtime="20210729 21:14:28.177" critical="yes"></status>
</test>
<doc>It is test project</doc>
<status status="PASS" starttime="20210729 21:14:28.146" endtime="20210729 21:14:28.177"></status>
</suite>
<statistics>
<total>
<stat pass="2" fail="0">Critical Tests</stat>
<stat pass="2" fail="0">All Tests</stat>
</total>
<tag>
</tag>
<suite>
<stat pass="2" fail="0" id="s1" name="Testproject">Testproject</stat>
</suite>
</statistics>
<errors>
</errors>
</robot>
